<?xml version="1.0" encoding="UTF-8"?>
<!-- Generated by org.testng.reporters.JUnitXMLReporter -->
<testsuite ignored="0" hostname="Srinivasulu" failures="0" tests="8" name="Guru99 Banking Tests" time="45.414" errors="0" timestamp="2022-04-19T07:39:50 IST">
  <testcase classname="com.banking.qa.testcases.LoginPageTest" name="verifyTitle" time="0.013"/>
  <testcase classname="com.banking.qa.testcases.LoginPageTest" name="verifyLogo" time="0.041"/>
  <testcase classname="com.banking.qa.testcases.LoginPageTest" name="loginToApp" time="1.453"/>
  <testcase classname="com.banking.qa.testcases.HomePageTest" name="validateTitle" time="0.005"/>
  <testcase classname="com.banking.qa.testcases.HomePageTest" name="validateLogo" time="0.031"/>
  <testcase classname="com.banking.qa.testcases.HomePageTest" name="clickDeleteCustomer" time="1.211"/>
  <testcase classname="com.banking.qa.testcases.DeleteCustomerPageTest" name="validateTitle" time="0.009"/>
  <testcase classname="com.banking.qa.testcases.DeleteCustomerPageTest" name="deleteCustomer" time="0.629"/>
</testsuite> <!-- Guru99 Banking Tests -->
