<?xml version="1.0" encoding="UTF-8"?>
<testng-results ignored="0" total="8" passed="8" failed="0" skipped="0">
  <reporter-output>
  </reporter-output>
  <suite started-at="2022-04-19T07:39:04 IST" name="Guru99 Banking Suite" finished-at="2022-04-19T07:39:50 IST" duration-ms="45414">
    <groups>
    </groups>
    <test started-at="2022-04-19T07:39:04 IST" name="Guru99 Banking Tests" finished-at="2022-04-19T07:39:50 IST" duration-ms="45414">
      <class name="com.banking.qa.testcases.HomePageTest">
        <test-method is-config="true" signature="setUp()[pri:0, instance:com.banking.qa.testcases.HomePageTest@15ff3e9e]" started-at="2022-04-19T07:39:18 IST" name="setUp" finished-at="2022-04-19T07:39:24 IST" duration-ms="5178" status="PASS">
          <reporter-output>
          </reporter-output>
        </test-method> <!-- setUp -->
        <test-method signature="validateTitle()[pri:0, instance:com.banking.qa.testcases.HomePageTest@15ff3e9e]" started-at="2022-04-19T07:39:24 IST" name="validateTitle" finished-at="2022-04-19T07:39:24 IST" duration-ms="5" status="PASS">
          <reporter-output>
          </reporter-output>
        </test-method> <!-- validateTitle -->
        <test-method is-config="true" signature="tearDown()[pri:0, instance:com.banking.qa.testcases.HomePageTest@15ff3e9e]" started-at="2022-04-19T07:39:24 IST" name="tearDown" finished-at="2022-04-19T07:39:24 IST" duration-ms="143" status="PASS">
          <reporter-output>
          </reporter-output>
        </test-method> <!-- tearDown -->
        <test-method is-config="true" signature="setUp()[pri:0, instance:com.banking.qa.testcases.HomePageTest@15ff3e9e]" started-at="2022-04-19T07:39:24 IST" name="setUp" finished-at="2022-04-19T07:39:29 IST" duration-ms="5172" status="PASS">
          <reporter-output>
          </reporter-output>
        </test-method> <!-- setUp -->
        <test-method signature="validateLogo()[pri:1, instance:com.banking.qa.testcases.HomePageTest@15ff3e9e]" started-at="2022-04-19T07:39:29 IST" name="validateLogo" finished-at="2022-04-19T07:39:29 IST" duration-ms="31" status="PASS">
          <reporter-output>
          </reporter-output>
        </test-method> <!-- validateLogo -->
        <test-method is-config="true" signature="tearDown()[pri:0, instance:com.banking.qa.testcases.HomePageTest@15ff3e9e]" started-at="2022-04-19T07:39:29 IST" name="tearDown" finished-at="2022-04-19T07:39:29 IST" duration-ms="154" status="PASS">
          <reporter-output>
          </reporter-output>
        </test-method> <!-- tearDown -->
        <test-method is-config="true" signature="setUp()[pri:0, instance:com.banking.qa.testcases.HomePageTest@15ff3e9e]" started-at="2022-04-19T07:39:29 IST" name="setUp" finished-at="2022-04-19T07:39:34 IST" duration-ms="5150" status="PASS">
          <reporter-output>
          </reporter-output>
        </test-method> <!-- setUp -->
        <test-method signature="clickDeleteCustomer()[pri:2, instance:com.banking.qa.testcases.HomePageTest@15ff3e9e]" started-at="2022-04-19T07:39:34 IST" name="clickDeleteCustomer" finished-at="2022-04-19T07:39:35 IST" duration-ms="1211" status="PASS">
          <reporter-output>
          </reporter-output>
        </test-method> <!-- clickDeleteCustomer -->
        <test-method is-config="true" signature="tearDown()[pri:0, instance:com.banking.qa.testcases.HomePageTest@15ff3e9e]" started-at="2022-04-19T07:39:35 IST" name="tearDown" finished-at="2022-04-19T07:39:36 IST" duration-ms="182" status="PASS">
          <reporter-output>
          </reporter-output>
        </test-method> <!-- tearDown -->
      </class> <!-- com.banking.qa.testcases.HomePageTest -->
      <class name="com.banking.qa.testcases.DeleteCustomerPageTest">
        <test-method is-config="true" signature="setUp()[pri:0, instance:com.banking.qa.testcases.DeleteCustomerPageTest@5e0826e7]" started-at="2022-04-19T07:39:36 IST" name="setUp" finished-at="2022-04-19T07:39:42 IST" duration-ms="6750" status="PASS">
          <reporter-output>
          </reporter-output>
        </test-method> <!-- setUp -->
        <test-method signature="validateTitle()[pri:0, instance:com.banking.qa.testcases.DeleteCustomerPageTest@5e0826e7]" started-at="2022-04-19T07:39:42 IST" name="validateTitle" finished-at="2022-04-19T07:39:42 IST" duration-ms="9" status="PASS">
          <reporter-output>
          </reporter-output>
        </test-method> <!-- validateTitle -->
        <test-method is-config="true" signature="tearDown()[pri:0, instance:com.banking.qa.testcases.DeleteCustomerPageTest@5e0826e7]" started-at="2022-04-19T07:39:42 IST" name="tearDown" finished-at="2022-04-19T07:39:42 IST" duration-ms="117" status="PASS">
          <reporter-output>
          </reporter-output>
        </test-method> <!-- tearDown -->
        <test-method is-config="true" signature="setUp()[pri:0, instance:com.banking.qa.testcases.DeleteCustomerPageTest@5e0826e7]" started-at="2022-04-19T07:39:42 IST" name="setUp" finished-at="2022-04-19T07:39:49 IST" duration-ms="6341" status="PASS">
          <reporter-output>
          </reporter-output>
        </test-method> <!-- setUp -->
        <test-method signature="deleteCustomer()[pri:1, instance:com.banking.qa.testcases.DeleteCustomerPageTest@5e0826e7]" started-at="2022-04-19T07:39:49 IST" name="deleteCustomer" finished-at="2022-04-19T07:39:49 IST" duration-ms="629" status="PASS">
          <reporter-output>
          </reporter-output>
        </test-method> <!-- deleteCustomer -->
        <test-method is-config="true" signature="tearDown()[pri:0, instance:com.banking.qa.testcases.DeleteCustomerPageTest@5e0826e7]" started-at="2022-04-19T07:39:49 IST" name="tearDown" finished-at="2022-04-19T07:39:50 IST" duration-ms="190" status="PASS">
          <reporter-output>
          </reporter-output>
        </test-method> <!-- tearDown -->
      </class> <!-- com.banking.qa.testcases.DeleteCustomerPageTest -->
      <class name="com.banking.qa.testcases.LoginPageTest">
        <test-method is-config="true" signature="setUp()[pri:0, instance:com.banking.qa.testcases.LoginPageTest@3d51f06e]" started-at="2022-04-19T07:39:04 IST" name="setUp" finished-at="2022-04-19T07:39:09 IST" duration-ms="4532" status="PASS">
          <reporter-output>
          </reporter-output>
        </test-method> <!-- setUp -->
        <test-method signature="verifyTitle()[pri:0, instance:com.banking.qa.testcases.LoginPageTest@3d51f06e]" started-at="2022-04-19T07:39:09 IST" name="verifyTitle" finished-at="2022-04-19T07:39:09 IST" duration-ms="13" status="PASS">
          <reporter-output>
          </reporter-output>
        </test-method> <!-- verifyTitle -->
        <test-method is-config="true" signature="tearDown()[pri:0, instance:com.banking.qa.testcases.LoginPageTest@3d51f06e]" started-at="2022-04-19T07:39:09 IST" name="tearDown" finished-at="2022-04-19T07:39:09 IST" duration-ms="256" status="PASS">
          <reporter-output>
          </reporter-output>
        </test-method> <!-- tearDown -->
        <test-method is-config="true" signature="setUp()[pri:0, instance:com.banking.qa.testcases.LoginPageTest@3d51f06e]" started-at="2022-04-19T07:39:09 IST" name="setUp" finished-at="2022-04-19T07:39:13 IST" duration-ms="3729" status="PASS">
          <reporter-output>
          </reporter-output>
        </test-method> <!-- setUp -->
        <test-method signature="verifyLogo()[pri:1, instance:com.banking.qa.testcases.LoginPageTest@3d51f06e]" started-at="2022-04-19T07:39:13 IST" name="verifyLogo" finished-at="2022-04-19T07:39:13 IST" duration-ms="41" status="PASS">
          <reporter-output>
          </reporter-output>
        </test-method> <!-- verifyLogo -->
        <test-method is-config="true" signature="tearDown()[pri:0, instance:com.banking.qa.testcases.LoginPageTest@3d51f06e]" started-at="2022-04-19T07:39:13 IST" name="tearDown" finished-at="2022-04-19T07:39:13 IST" duration-ms="125" status="PASS">
          <reporter-output>
          </reporter-output>
        </test-method> <!-- tearDown -->
        <test-method is-config="true" signature="setUp()[pri:0, instance:com.banking.qa.testcases.LoginPageTest@3d51f06e]" started-at="2022-04-19T07:39:13 IST" name="setUp" finished-at="2022-04-19T07:39:17 IST" duration-ms="3776" status="PASS">
          <reporter-output>
          </reporter-output>
        </test-method> <!-- setUp -->
        <test-method signature="loginToApp()[pri:2, instance:com.banking.qa.testcases.LoginPageTest@3d51f06e]" started-at="2022-04-19T07:39:17 IST" name="loginToApp" finished-at="2022-04-19T07:39:18 IST" duration-ms="1453" status="PASS">
          <reporter-output>
          </reporter-output>
        </test-method> <!-- loginToApp -->
        <test-method is-config="true" signature="tearDown()[pri:0, instance:com.banking.qa.testcases.LoginPageTest@3d51f06e]" started-at="2022-04-19T07:39:18 IST" name="tearDown" finished-at="2022-04-19T07:39:18 IST" duration-ms="178" status="PASS">
          <reporter-output>
          </reporter-output>
        </test-method> <!-- tearDown -->
      </class> <!-- com.banking.qa.testcases.LoginPageTest -->
    </test> <!-- Guru99 Banking Tests -->
  </suite> <!-- Guru99 Banking Suite -->
</testng-results>
