<?xml version="1.0" encoding="UTF-8"?>
<!-- Generated by org.testng.reporters.JUnitXMLReporter -->
<testsuite ignored="0" hostname="Srinivasulu" failures="0" tests="2" name="Default test" time="14.197" errors="0" timestamp="2022-04-19T07:34:53 IST">
  <testcase classname="com.banking.qa.testcases.DeleteCustomerPageTest" name="validateTitle" time="0.014"/>
  <testcase classname="com.banking.qa.testcases.DeleteCustomerPageTest" name="deleteCustomer" time="0.551"/>
</testsuite> <!-- Default test -->
